<?xml version="1.0" encoding="UTF-8"?>
<testExecutions version="1">
  <file path="/Users/nicolastanski/Documents/Dev/code-education/sonarqube/src/hello.test.js">
    <testCase name="it should return a message" duration="6"/>
  </file>
</testExecutions>